[debug] [2020-12-04T10:12:13.181Z] ----------------------------------------------------------------------
[debug] [2020-12-04T10:12:13.184Z] Command:       C:\Program Files\nodejs\node.exe C:\Users\ALFA\AppData\Roaming\npm\node_modules\firebase-tools\lib\bin\firebase.js init
[debug] [2020-12-04T10:12:13.184Z] CLI Version:   8.16.2
[debug] [2020-12-04T10:12:13.184Z] Platform:      win32
[debug] [2020-12-04T10:12:13.185Z] Node Version:  v12.18.4
[debug] [2020-12-04T10:12:13.185Z] Time:          Fri Dec 04 2020 17:12:13 GMT+0700 (Indochina Time)
[debug] [2020-12-04T10:12:13.185Z] ----------------------------------------------------------------------
[debug] [2020-12-04T10:12:13.186Z] 
[debug] [2020-12-04T10:12:13.194Z] > command requires scopes: ["email","openid","https://www.googleapis.com/auth/cloudplatformprojects.readonly","https://www.googleapis.com/auth/firebase","https://www.googleapis.com/auth/cloud-platform"]
[debug] [2020-12-04T10:12:13.194Z] > authorizing via signed-in user
[info] 
     ######## #### ########  ######## ########     ###     ######  ########
     ##        ##  ##     ## ##       ##     ##  ##   ##  ##       ##
     ######    ##  ########  ######   ########  #########  ######  ######
     ##        ##  ##    ##  ##       ##     ## ##     ##       ## ##
     ##       #### ##     ## ######## ########  ##     ##  ######  ########

You're about to initialize a Firebase project in this directory:

  D:\H8\phase 2\week 2\kanban\kanban-app

[info] 
=== Project Setup
[info] 
[info] First, let's associate this project directory with a Firebase project.
[info] You can create multiple project aliases by running firebase use --add, 
[info] but for now we'll just set up a default project.
[info] 
